<?xml version="1.0" encoding="UTF-8"?>
<!-- Generated by org.testng.reporters.JUnitReportReporter -->
<testsuite hostname="veplpunlap-023" failures="0" tests="2" name="AnnotationDemo.AnnotationDemo" time="0.011" errors="0" timestamp="23 Dec 2021 06:09:43 GMT" skipped="0">
  <testcase classname="AnnotationDemo.AnnotationDemo" name="m1" time="0.006"/>
  <testcase classname="AnnotationDemo.AnnotationDemo" name="m2" time="0.005"/>
</testsuite> <!-- AnnotationDemo.AnnotationDemo -->
