<?xml version="1.0" encoding="UTF-8"?>
<!-- Generated by org.testng.reporters.JUnitReportReporter -->
<testsuite hostname="veplpunlap-023" failures="0" tests="5" name="DataProviderDemo.TestCaseDatausing" time="0.027" errors="0" timestamp="23 Dec 2021 09:45:56 GMT" skipped="0">
  <testcase classname="DataProviderDemo.TestCaseDatausing" name="tc_001" time="0.003"/>
  <testcase classname="DataProviderDemo.TestCaseDatausing" name="tc_002" time="0.002"/>
  <testcase classname="DataProviderDemo.TestCaseDatausing" name="tc_001" time="0.002"/>
  <testcase classname="DataProviderDemo.TestCaseDatausing" name="tc_001" time="0.013"/>
  <testcase classname="DataProviderDemo.TestCaseDatausing" name="tc_002" time="0.007"/>
</testsuite> <!-- DataProviderDemo.TestCaseDatausing -->
