<?xml version="1.0" encoding="UTF-8"?>
<!-- Generated by org.testng.reporters.JUnitReportReporter -->
<testsuite hostname="veplpunlap-023" failures="0" tests="3" name="DataProviderDemo.DataAnnotation" time="0.021" errors="0" timestamp="23 Dec 2021 08:45:17 GMT" skipped="0">
  <testcase classname="DataProviderDemo.DataAnnotation" name="tc_001" time="0.003"/>
  <testcase classname="DataProviderDemo.DataAnnotation" name="tc_001" time="0.017"/>
  <testcase classname="DataProviderDemo.DataAnnotation" name="tc_001" time="0.001"/>
</testsuite> <!-- DataProviderDemo.DataAnnotation -->
